<?xml version="1.0" encoding="UTF-8"?>
<!-- Generated by org.testng.reporters.JUnitReportReporter -->
<testsuite hostname="MSI" failures="0" tests="2" name="pack.VerifyDevelopersTab" time="30.901" errors="0" timestamp="2022-10-10T14:36:33 IST" skipped="0">
  <testcase classname="pack.VerifyDevelopersTab" name="verifyDevelopersTab" time="16.334"/>
  <system-out/>
  <testcase classname="pack.VerifyDevelopersTab" name="verifyDevelopersTab" time="14.567"/>
  <system-out/>
</testsuite> <!-- pack.VerifyDevelopersTab -->
