<?xml version="1.0" encoding="UTF-8"?>
<!-- Generated by org.testng.reporters.JUnitReportReporter -->
<testsuite hostname="MSI" failures="0" tests="2" name="pack.VerifyDevelopersTab" time="56.168" errors="0" timestamp="2022-09-30T09:53:59 IST" skipped="0">
  <testcase classname="pack.VerifyDevelopersTab" name="verifyDevelopersTab" time="40.696"/>
  <system-out/>
  <testcase classname="pack.VerifyDevelopersTab" name="verifyDevelopersTab" time="15.472"/>
  <system-out/>
</testsuite> <!-- pack.VerifyDevelopersTab -->
