<?xml version="1.0" encoding="UTF-8"?>
<!-- Generated by org.testng.reporters.JUnitReportReporter -->
<testsuite hostname="MSI" failures="0" tests="1" name="pack.TestClass1" time="21.406" errors="0" timestamp="2022-09-18T16:27:17 IST" skipped="0">
  <testcase classname="pack.TestClass1" name="verifyDevelopersTab" time="21.406"/>
  <system-out/>
</testsuite> <!-- pack.TestClass1 -->
