<?xml version="1.0" encoding="UTF-8"?>
<!-- Generated by org.testng.reporters.JUnitReportReporter -->
<testsuite hostname="MSI" failures="0" tests="4" name="pack.VerifySubmitAndCancelButton" time="39.178" errors="0" timestamp="2022-09-30T09:53:59 IST" skipped="0">
  <testcase classname="pack.VerifySubmitAndCancelButton" name="verifySerchButton" time="10.229"/>
  <system-out/>
  <testcase classname="pack.VerifySubmitAndCancelButton" name="verifySerchButton" time="7.289"/>
  <system-out/>
  <testcase classname="pack.VerifySubmitAndCancelButton" name="verifyCancelButton" time="12.936"/>
  <system-out/>
  <testcase classname="pack.VerifySubmitAndCancelButton" name="verifyCancelButton" time="8.724"/>
  <system-out/>
</testsuite> <!-- pack.VerifySubmitAndCancelButton -->
