<?xml version="1.0" encoding="UTF-8"?>
<!-- Generated by org.testng.reporters.JUnitReportReporter -->
<testsuite hostname="MSI" failures="0" tests="2" name="pack.VerifyDevelopersTab" time="34.042" errors="0" timestamp="2022-09-29T12:46:03 IST" skipped="0">
  <testcase classname="pack.VerifyDevelopersTab" name="verifyDevelopersTab" time="15.045"/>
  <system-out/>
  <testcase classname="pack.VerifyDevelopersTab" name="verifyDevelopersTab" time="18.997"/>
  <system-out/>
</testsuite> <!-- pack.VerifyDevelopersTab -->
