<?xml version="1.0" encoding="UTF-8"?>
<!-- Generated by org.testng.reporters.JUnitReportReporter -->
<testsuite hostname="MSI" failures="0" tests="4" name="pack.VerifySubmitAndCancelButton" time="40.020" errors="0" timestamp="2022-09-29T12:46:03 IST" skipped="0">
  <testcase classname="pack.VerifySubmitAndCancelButton" name="verifySerchButton" time="10.110"/>
  <system-out/>
  <testcase classname="pack.VerifySubmitAndCancelButton" name="verifySerchButton" time="8.910"/>
  <system-out/>
  <testcase classname="pack.VerifySubmitAndCancelButton" name="verifyCancelButton" time="6.669"/>
  <system-out/>
  <testcase classname="pack.VerifySubmitAndCancelButton" name="verifyCancelButton" time="14.331"/>
  <system-out/>
</testsuite> <!-- pack.VerifySubmitAndCancelButton -->
