<?xml version="1.0" encoding="UTF-8"?>
<!-- Generated by org.testng.reporters.JUnitReportReporter -->
<testsuite hostname="MSI" failures="0" tests="2" name="pack.TestClass" time="16.996" errors="0" timestamp="2022-09-18T15:47:22 IST" skipped="0">
  <testcase classname="pack.TestClass" name="verifyCancelButton" time="5.716"/>
  <system-out/>
  <testcase classname="pack.TestClass" name="verifySerchButton" time="11.280"/>
  <system-out/>
</testsuite> <!-- pack.TestClass -->
